<?xml version="1.0" encoding="UTF-8"?>
<!-- Generated by org.testng.reporters.JUnitReportReporter -->
<testsuite hostname="CHQ-L-5ZSFLN3" failures="0" tests="2" name="productionSmoke.ManagePayment" time="155.809" errors="0" timestamp="2023-01-26T22:45:11 GST" skipped="0">
  <testcase classname="productionSmoke.ManagePayment" name="VerifyLoginWithEmail" time="74.350"/>
  <system-out/>
  <testcase classname="productionSmoke.ManagePayment" name="ManagePayment" time="81.459"/>
  <system-out/>
</testsuite> <!-- productionSmoke.ManagePayment -->
