<?xml version="1.0" encoding="UTF-8"?>
<!-- Generated by org.testng.reporters.JUnitReportReporter -->
<testsuite hostname="CHQ-L-5ZSFLN3" failures="0" tests="8" name="productionSmoke.ProductionPharmacyPageGuestUserSmokeSuite" time="662.737" errors="0" timestamp="2023-01-24T10:16:37 GST" skipped="0">
  <testcase classname="productionSmoke.ProductionPharmacyPageGuestUserSmokeSuite" name="VerifyHomepagelist" time="19.243"/>
  <system-out/>
  <testcase classname="productionSmoke.ProductionPharmacyPageGuestUserSmokeSuite" name="VerifyHomepagelist" time="18.823"/>
  <system-out/>
  <testcase classname="productionSmoke.ProductionPharmacyPageGuestUserSmokeSuite" name="VerifyHomepagelist" time="18.693"/>
  <system-out/>
  <testcase classname="productionSmoke.ProductionPharmacyPageGuestUserSmokeSuite" name="VerifyHomepagelist" time="18.871"/>
  <system-out/>
  <testcase classname="productionSmoke.ProductionPharmacyPageGuestUserSmokeSuite" name="VerifyHomepagelist" time="18.680"/>
  <system-out/>
  <testcase classname="productionSmoke.ProductionPharmacyPageGuestUserSmokeSuite" name="VerifyHomepagelist" time="18.686"/>
  <system-out/>
  <testcase classname="productionSmoke.ProductionPharmacyPageGuestUserSmokeSuite" name="VerifyPopularCategories" time="315.097"/>
  <system-out/>
  <testcase classname="productionSmoke.ProductionPharmacyPageGuestUserSmokeSuite" name="VerifyAddandRemoveProducttoCart" time="234.644"/>
  <system-out/>
</testsuite> <!-- productionSmoke.ProductionPharmacyPageGuestUserSmokeSuite -->
