<?xml version="1.0" encoding="UTF-8"?>
<!-- Generated by org.testng.reporters.JUnitReportReporter -->
<testsuite hostname="CHQ-L-5ZSFLN3" failures="0" tests="1" name="productionSmoke.GetResponseValues" time="1.744" errors="0" timestamp="2022-12-21T21:57:13 GST" skipped="0">
  <testcase classname="productionSmoke.GetResponseValues" name="Verifyresponsecode" time="1.744"/>
  <system-out/>
</testsuite> <!-- productionSmoke.GetResponseValues -->
