<?xml version="1.0" encoding="UTF-8"?>
<!-- Generated by org.testng.reporters.JUnitReportReporter -->
<testsuite hostname="CHQ-L-5ZSFLN3" failures="0" tests="1" name="productionSmoke.ProductionHomePageGuestUserSmokeSuite" time="18.717" errors="0" timestamp="2023-01-24T18:53:26 GST" skipped="0">
  <testcase classname="productionSmoke.ProductionHomePageGuestUserSmokeSuite" name="BookAppointment" time="18.717"/>
  <system-out/>
</testsuite> <!-- productionSmoke.ProductionHomePageGuestUserSmokeSuite -->
