<?xml version="1.0" encoding="UTF-8"?>
<!-- Generated by org.testng.reporters.JUnitReportReporter -->
<testsuite hostname="CHQ-L-5ZSFLN3" failures="0" tests="1" name="productionSmoke.PharmacyOrderPlaced" time="102.397" errors="0" timestamp="2023-02-01T07:55:28 GST" skipped="0">
  <testcase classname="productionSmoke.PharmacyOrderPlaced" name="VerifyOrderPlacedwithBestseller" time="102.397"/>
  <system-out/>
</testsuite> <!-- productionSmoke.PharmacyOrderPlaced -->
