<?xml version="1.0" encoding="UTF-8"?>
<!-- Generated by org.testng.reporters.JUnitReportReporter -->
<testsuite hostname="CHQ-L-5ZSFLN3" failures="0" tests="1" name="productionSmoke.ProductionHomePageLoginUserSmokeSuite" time="18.736" errors="0" timestamp="2023-01-25T08:36:07 GST" skipped="0">
  <testcase classname="productionSmoke.ProductionHomePageLoginUserSmokeSuite" name="BookAppointment" time="18.736"/>
  <system-out/>
</testsuite> <!-- productionSmoke.ProductionHomePageLoginUserSmokeSuite -->
