<?xml version="1.0" encoding="UTF-8"?>
<!-- Generated by org.testng.reporters.JUnitReportReporter -->
<testsuite hostname="CHQ-L-5ZSFLN3" failures="0" tests="15" name="productionSmoke.ProductionHomePageGuestUserSmokeSuite" time="1573.092" errors="1" timestamp="2023-01-09T11:41:29 GST" skipped="0">
  <testcase classname="productionSmoke.ProductionHomePageGuestUserSmokeSuite" name="VerifyHomepagelist" time="6.105"/>
  <system-out/>
  <testcase classname="productionSmoke.ProductionHomePageGuestUserSmokeSuite" name="VerifyHomepagelist" time="6.800"/>
  <system-out/>
  <testcase classname="productionSmoke.ProductionHomePageGuestUserSmokeSuite" name="VerifyHomepagelist" time="6.125"/>
  <system-out/>
  <testcase classname="productionSmoke.ProductionHomePageGuestUserSmokeSuite" name="VerifyHomepagelist" time="6.107"/>
  <system-out/>
  <testcase classname="productionSmoke.ProductionHomePageGuestUserSmokeSuite" name="VerifyHomepagelist" time="6.155"/>
  <system-out/>
  <testcase classname="productionSmoke.ProductionHomePageGuestUserSmokeSuite" name="VerifyHomepagelist" time="6.248"/>
  <system-out/>
  <testcase classname="productionSmoke.ProductionHomePageGuestUserSmokeSuite" name="VerifyPopularPharmacyCategories" time="15.466"/>
  <system-out/>
  <testcase classname="productionSmoke.ProductionHomePageGuestUserSmokeSuite" name="VerifyTopSpecialties" time="698.374"/>
  <system-out/>
  <testcase classname="productionSmoke.ProductionHomePageGuestUserSmokeSuite" name="VerifyClinicsNearbyYou" time="216.881">
    <error message="Expected condition failed: The specified element cannot be located, timed out after 60 seconds (tried for 60 second(s) with 2 milliseconds interval)" type="org.openqa.selenium.TimeoutException">
      <![CDATA[org.openqa.selenium.TimeoutException: Expected condition failed: The specified element cannot be located, timed out after 60 seconds (tried for 60 second(s) with 2 milliseconds interval)
at org.openqa.selenium.support.ui.WebDriverWait.timeoutException(WebDriverWait.java:95)
at org.openqa.selenium.support.ui.FluentWait.until(FluentWait.java:272)
at utils.WaitUtils.waitForVisibleElement(WaitUtils.java:148)
at utils.WaitUtils.waitForVisibleElement(WaitUtils.java:51)
at utils.WaitUtils.isElementDisplayed(WaitUtils.java:222)
at pageObjects.Aster.CommonHomeDoctor.clickonAsterclinicinHirerachy(CommonHomeDoctor.java:258)
at productionSmoke.ProductionHomePageGuestUserSmokeSuite.VerifyClinicsNearbyYou(ProductionHomePageGuestUserSmokeSuite.java:213)
at java.base/jdk.internal.reflect.NativeMethodAccessorImpl.invoke0(Native Method)
at java.base/jdk.internal.reflect.NativeMethodAccessorImpl.invoke(NativeMethodAccessorImpl.java:77)
at java.base/jdk.internal.reflect.DelegatingMethodAccessorImpl.invoke(DelegatingMethodAccessorImpl.java:43)
at java.base/java.lang.reflect.Method.invoke(Method.java:568)
at org.testng.internal.invokers.MethodInvocationHelper.invokeMethod(MethodInvocationHelper.java:135)
at org.testng.internal.invokers.TestInvoker.invokeMethod(TestInvoker.java:673)
at org.testng.internal.invokers.TestInvoker.invokeTestMethod(TestInvoker.java:220)
at org.testng.internal.invokers.MethodRunner.runInSequence(MethodRunner.java:50)
at org.testng.internal.invokers.TestInvoker$MethodInvocationAgent.invoke(TestInvoker.java:945)
at org.testng.internal.invokers.TestInvoker.invokeTestMethods(TestInvoker.java:193)
at org.testng.internal.invokers.TestMethodWorker.invokeTestMethods(TestMethodWorker.java:146)
at org.testng.internal.invokers.TestMethodWorker.run(TestMethodWorker.java:128)
at java.base/java.util.ArrayList.forEach(ArrayList.java:1511)
at org.testng.TestRunner.privateRun(TestRunner.java:808)
at org.testng.TestRunner.run(TestRunner.java:603)
at org.testng.SuiteRunner.runTest(SuiteRunner.java:429)
at org.testng.SuiteRunner.access$000(SuiteRunner.java:32)
at org.testng.SuiteRunner$SuiteWorker.run(SuiteRunner.java:467)
at org.testng.internal.thread.ThreadUtil.lambda$execute$0(ThreadUtil.java:58)
at java.base/java.util.concurrent.FutureTask.run(FutureTask.java:264)
at java.base/java.util.concurrent.ThreadPoolExecutor.runWorker(ThreadPoolExecutor.java:1136)
at java.base/java.util.concurrent.ThreadPoolExecutor$Worker.run(ThreadPoolExecutor.java:635)
at java.base/java.lang.Thread.run(Thread.java:833)
Caused by: org.openqa.selenium.NoSuchElementException: no such element: Unable to locate element: {"method":"xpath","selector":"//li[contains(@class,'breadcrumb-item')]/*[text()='Aster Clinics']"}
  (Session info: chrome=108.0.5359.125)
For documentation on this error, please visit: https://www.seleniumhq.org/exceptions/no_such_element.html
Build info: version: '3.141.59', revision: 'e82be7d358', time: '2018-11-14T08:17:03'
System info: host: 'CHQ-L-5ZSFLN3', ip: '192.168.0.148', os.name: 'Windows 10', os.arch: 'amd64', os.version: '10.0', java.version: '17'
Driver info: org.openqa.selenium.chrome.ChromeDriver
Capabilities {acceptInsecureCerts: false, browserName: chrome, browserVersion: 108.0.5359.125, chrome: {chromedriverVersion: 108.0.5359.71 (1e0e3868ee06..., userDataDir: C:\Users\SRIVID~1.MER\AppDa...}, goog:chromeOptions: {debuggerAddress: localhost:61059}, javascriptEnabled: true, networkConnectionEnabled: false, pageLoadStrategy: normal, platform: WINDOWS, platformName: WINDOWS, proxy: Proxy(), setWindowRect: true, strictFileInteractability: false, timeouts: {implicit: 0, pageLoad: 300000, script: 30000}, unhandledPromptBehavior: dismiss and notify, webauthn:extension:credBlob: true, webauthn:extension:largeBlob: true, webauthn:virtualAuthenticators: true}
Session ID: a3173d5eaf23932a317d95661622b9e2
*** Element info: {Using=xpath, value=//li[contains(@class,'breadcrumb-item')]/*[text()='Aster Clinics']}
at jdk.internal.reflect.GeneratedConstructorAccessor19.newInstance(Unknown Source)
at java.base/jdk.internal.reflect.DelegatingConstructorAccessorImpl.newInstance(DelegatingConstructorAccessorImpl.java:45)
at java.base/java.lang.reflect.Constructor.newInstanceWithCaller(Constructor.java:499)
at java.base/java.lang.reflect.Constructor.newInstance(Constructor.java:480)
at org.openqa.selenium.remote.http.W3CHttpResponseCodec.createException(W3CHttpResponseCodec.java:187)
at org.openqa.selenium.remote.http.W3CHttpResponseCodec.decode(W3CHttpResponseCodec.java:122)
at org.openqa.selenium.remote.http.W3CHttpResponseCodec.decode(W3CHttpResponseCodec.java:49)
at org.openqa.selenium.remote.HttpCommandExecutor.execute(HttpCommandExecutor.java:158)
at org.openqa.selenium.remote.service.DriverCommandExecutor.execute(DriverCommandExecutor.java:83)
at org.openqa.selenium.remote.RemoteWebDriver.execute(RemoteWebDriver.java:552)
at org.openqa.selenium.remote.RemoteWebDriver.findElement(RemoteWebDriver.java:323)
at org.openqa.selenium.remote.RemoteWebDriver.findElementByXPath(RemoteWebDriver.java:428)
at org.openqa.selenium.By$ByXPath.findElement(By.java:353)
at org.openqa.selenium.remote.RemoteWebDriver.findElement(RemoteWebDriver.java:315)
at org.openqa.selenium.support.pagefactory.DefaultElementLocator.findElement(DefaultElementLocator.java:69)
at org.openqa.selenium.support.pagefactory.internal.LocatingElementHandler.invoke(LocatingElementHandler.java:38)
at jdk.proxy2/jdk.proxy2.$Proxy17.isDisplayed(Unknown Source)
at org.openqa.selenium.support.ui.ExpectedConditions.elementIfVisible(ExpectedConditions.java:314)
at org.openqa.selenium.support.ui.ExpectedConditions.access$000(ExpectedConditions.java:43)
at org.openqa.selenium.support.ui.ExpectedConditions$10.apply(ExpectedConditions.java:300)
at org.openqa.selenium.support.ui.ExpectedConditions$10.apply(ExpectedConditions.java:297)
at org.openqa.selenium.support.ui.FluentWait.until(FluentWait.java:249)
... 28 more
]]>
    </error>
  </testcase> <!-- VerifyClinicsNearbyYou -->
  <system-out/>
  <testcase classname="productionSmoke.ProductionHomePageGuestUserSmokeSuite" name="VerifyAddandRemoveProducttoCart" time="208.607"/>
  <system-out/>
  <testcase classname="productionSmoke.ProductionHomePageGuestUserSmokeSuite" name="VerifyAddandRemoveProducttoCart" time="211.629"/>
  <system-out/>
  <testcase classname="productionSmoke.ProductionHomePageGuestUserSmokeSuite" name="BookAppointment" time="76.736"/>
  <system-out/>
  <testcase classname="productionSmoke.ProductionHomePageGuestUserSmokeSuite" name="VerifySearchValues" time="21.922"/>
  <system-out/>
  <testcase classname="productionSmoke.ProductionHomePageGuestUserSmokeSuite" name="VerifySearchValues" time="58.202"/>
  <system-out/>
  <testcase classname="productionSmoke.ProductionHomePageGuestUserSmokeSuite" name="VerifySearchValues" time="27.735"/>
  <system-out/>
</testsuite> <!-- productionSmoke.ProductionHomePageGuestUserSmokeSuite -->
