<?xml version="1.0" encoding="UTF-8"?>
<!-- Generated by org.testng.reporters.JUnitReportReporter -->
<testsuite hostname="CHQ-L-5ZSFLN3" failures="0" tests="2" name="productionSmoke.AddInsurance" time="158.518" errors="0" timestamp="2023-01-26T19:27:38 GST" skipped="0">
  <testcase classname="productionSmoke.AddInsurance" name="VerifyLoginWithEmail" time="76.731"/>
  <system-out/>
  <testcase classname="productionSmoke.AddInsurance" name="VerifyAddInsurance" time="81.787"/>
  <system-out/>
</testsuite> <!-- productionSmoke.AddInsurance -->
